Arguments: 
  /usr/local/bin/node /usr/local/Cellar/yarn/1.5.1_1/libexec/bin/yarn.js add --save-dev gulp-imagemin

PATH: 
  /usr/local/bin:/usr/bin:/bin:/usr/sbin:/sbin

Yarn version: 
  1.5.1

Node version: 
  8.9.4

Platform: 
  darwin x64

npm manifest: 
  {
    "name": "hyperapp-starter-kit",
    "version": "1.0.0",
    "description": "cool and fast way to run hyperapp",
    "main": "gulpfile.js",
    "dependencies": {
      "axios": "^0.16.1",
      "babel-core": "^6.24.1",
      "babel-loader": "^6.4.1",
      "babel-plugin-transform-react-jsx": "^6.24.1",
      "babel-preset-env": "^1.4.0",
      "babel-preset-es2015": "^6.24.1",
      "babel-preset-react": "^6.24.1",
      "browser-sync": "^2.18.8",
      "gulp": "^3.9.1",
      "gulp-autoprefixer": "^3.1.1",
      "gulp-babel": "^6.1.2",
      "gulp-concat": "^2.6.0",
      "gulp-eslint": "^3.0.1",
      "gulp-imagemin": "^3.0.3",
      "gulp-sass": "^2.3.2",
      "gulp-shell": "^0.6.3",
      "gulp-uglify": "^2.0.0",
      "gulp-watch": "^4.3.9",
      "html-webpack-plugin": "^2.28.0",
      "hyperapp": "^0.12.0",
      "hyperapp-redux-devtools": "^1.0.9",
      "node-sass": "^4.5.2",
      "sass-loader": "^6.0.3",
      "standard": "^10.0.2",
      "webpack": "^2.7.0",
      "webpack-stream": "^3.2.0"
    },
    "scripts": {
      "bundle": "webpack",
      "production": "webpack -p",
      "watch": "gulp",
      "sass": "gulp styles",
      "js": "gulp webpack"
    },
    "devDependencies": {
      "babel-preset-stage-0": "^6.24.1"
    },
    "keywords": [
      "hyperapp"
    ],
    "author": "Filip Donskoy",
    "license": "ISC"
  }

yarn manifest: 
  No manifest

Lockfile: 
  No lockfile

Trace: 
  Error: Missing list of packages to add to your project.
      at new MessageError (/usr/local/Cellar/yarn/1.5.1_1/libexec/lib/cli.js:186:110)
      at Object.<anonymous> (/usr/local/Cellar/yarn/1.5.1_1/libexec/lib/cli.js:40587:13)
      at Generator.next (<anonymous>)
      at step (/usr/local/Cellar/yarn/1.5.1_1/libexec/lib/cli.js:98:30)
      at /usr/local/Cellar/yarn/1.5.1_1/libexec/lib/cli.js:116:14
      at new Promise (<anonymous>)
      at new F (/usr/local/Cellar/yarn/1.5.1_1/libexec/lib/cli.js:23451:28)
      at Object.<anonymous> (/usr/local/Cellar/yarn/1.5.1_1/libexec/lib/cli.js:95:12)
      at Object.run (/usr/local/Cellar/yarn/1.5.1_1/libexec/lib/cli.js:40599:19)
      at run (/usr/local/Cellar/yarn/1.5.1_1/libexec/lib/cli.js:89113:20)
